c:\mondragon\programazioa\pbl\mega final extrem\sdlexamplesvcws\02simplegame\debug\vc141.pdb
c:\mondragon\programazioa\pbl\mega final extrem\sdlexamplesvcws\02simplegame\debug\vc141.idb
c:\mondragon\programazioa\pbl\mega final extrem\sdlexamplesvcws\02simplegame\debug\jokalaria.obj
c:\mondragon\programazioa\pbl\mega final extrem\sdlexamplesvcws\02simplegame\debug\game02.obj
c:\mondragon\programazioa\pbl\mega final extrem\sdlexamplesvcws\02simplegame\debug\dialogo.obj
c:\mondragon\programazioa\pbl\mega final extrem\sdlexamplesvcws\02simplegame\debug\boss4b.obj
c:\mondragon\programazioa\pbl\mega final extrem\sdlexamplesvcws\02simplegame\debug\boss4.obj
c:\mondragon\programazioa\pbl\mega final extrem\sdlexamplesvcws\02simplegame\debug\boss3b.obj
c:\mondragon\programazioa\pbl\mega final extrem\sdlexamplesvcws\02simplegame\debug\boss3.obj
c:\mondragon\programazioa\pbl\mega final extrem\sdlexamplesvcws\02simplegame\debug\boss2b.obj
c:\mondragon\programazioa\pbl\mega final extrem\sdlexamplesvcws\02simplegame\debug\boss2.obj
c:\mondragon\programazioa\pbl\mega final extrem\sdlexamplesvcws\02simplegame\debug\boss1b.obj
c:\mondragon\programazioa\pbl\mega final extrem\sdlexamplesvcws\02simplegame\debug\boss1.obj
c:\mondragon\programazioa\pbl\mega final extrem\sdlexamplesvcws\02simplegame\debug\02simplegamemain.obj
c:\mondragon\programazioa\pbl\mega final extrem\sdlexamplesvcws\02simplegame\debug\text.obj
c:\mondragon\programazioa\pbl\mega final extrem\sdlexamplesvcws\02simplegame\debug\soinua.obj
c:\mondragon\programazioa\pbl\mega final extrem\sdlexamplesvcws\02simplegame\debug\imagen.obj
c:\mondragon\programazioa\pbl\mega final extrem\sdlexamplesvcws\02simplegame\debug\graphics.obj
c:\mondragon\programazioa\pbl\mega final extrem\sdlexamplesvcws\02simplegame\debug\ebentoak.obj
c:\mondragon\programazioa\pbl\mega final extrem\sdlexamplesvcws\debug\02simplegame.exe
c:\mondragon\programazioa\pbl\mega final extrem\sdlexamplesvcws\debug\02simplegame.ilk
c:\mondragon\programazioa\pbl\mega final extrem\sdlexamplesvcws\debug\02simplegame.pdb
c:\mondragon\programazioa\pbl\mega final extrem\sdlexamplesvcws\02simplegame\debug\graphics.obj.enc
c:\mondragon\programazioa\pbl\mega final extrem\sdlexamplesvcws\02simplegame\debug\nativecodeanalysis.read.1.tlog
c:\mondragon\programazioa\pbl\mega final extrem\sdlexamplesvcws\02simplegame\debug\02simplegamemain.nativecodeanalysis.xml
c:\mondragon\programazioa\pbl\mega final extrem\sdlexamplesvcws\02simplegame\debug\boss1.nativecodeanalysis.xml
c:\mondragon\programazioa\pbl\mega final extrem\sdlexamplesvcws\02simplegame\debug\boss1b.nativecodeanalysis.xml
c:\mondragon\programazioa\pbl\mega final extrem\sdlexamplesvcws\02simplegame\debug\boss2.nativecodeanalysis.xml
c:\mondragon\programazioa\pbl\mega final extrem\sdlexamplesvcws\02simplegame\debug\boss2b.nativecodeanalysis.xml
c:\mondragon\programazioa\pbl\mega final extrem\sdlexamplesvcws\02simplegame\debug\boss3.nativecodeanalysis.xml
c:\mondragon\programazioa\pbl\mega final extrem\sdlexamplesvcws\02simplegame\debug\boss3b.nativecodeanalysis.xml
c:\mondragon\programazioa\pbl\mega final extrem\sdlexamplesvcws\02simplegame\debug\boss4.nativecodeanalysis.xml
c:\mondragon\programazioa\pbl\mega final extrem\sdlexamplesvcws\02simplegame\debug\boss4b.nativecodeanalysis.xml
c:\mondragon\programazioa\pbl\mega final extrem\sdlexamplesvcws\02simplegame\debug\dialogo.nativecodeanalysis.xml
c:\mondragon\programazioa\pbl\mega final extrem\sdlexamplesvcws\02simplegame\debug\ebentoak.nativecodeanalysis.xml
c:\mondragon\programazioa\pbl\mega final extrem\sdlexamplesvcws\02simplegame\debug\game02.nativecodeanalysis.xml
c:\mondragon\programazioa\pbl\mega final extrem\sdlexamplesvcws\02simplegame\debug\graphics.nativecodeanalysis.xml
c:\mondragon\programazioa\pbl\mega final extrem\sdlexamplesvcws\02simplegame\debug\imagen.nativecodeanalysis.xml
c:\mondragon\programazioa\pbl\mega final extrem\sdlexamplesvcws\02simplegame\debug\jokalaria.nativecodeanalysis.xml
c:\mondragon\programazioa\pbl\mega final extrem\sdlexamplesvcws\02simplegame\debug\soinua.nativecodeanalysis.xml
c:\mondragon\programazioa\pbl\mega final extrem\sdlexamplesvcws\02simplegame\debug\text.nativecodeanalysis.xml
c:\mondragon\programazioa\pbl\mega final extrem\sdlexamplesvcws\02simplegame\debug\vc.nativecodeanalysis.all.xml
c:\mondragon\programazioa\pbl\mega final extrem\sdlexamplesvcws\02simplegame\debug\02simplegame.tlog\cl.command.1.tlog
c:\mondragon\programazioa\pbl\mega final extrem\sdlexamplesvcws\02simplegame\debug\02simplegame.tlog\cl.read.1.tlog
c:\mondragon\programazioa\pbl\mega final extrem\sdlexamplesvcws\02simplegame\debug\02simplegame.tlog\cl.write.1.tlog
c:\mondragon\programazioa\pbl\mega final extrem\sdlexamplesvcws\02simplegame\debug\02simplegame.tlog\link.command.1.tlog
c:\mondragon\programazioa\pbl\mega final extrem\sdlexamplesvcws\02simplegame\debug\02simplegame.tlog\link.read.1.tlog
c:\mondragon\programazioa\pbl\mega final extrem\sdlexamplesvcws\02simplegame\debug\02simplegame.tlog\link.write.1.tlog
